#
# A fatal error has been detected by the Java Runtime Environment:
#
#  EXCEPTION_ACCESS_VIOLATION (0xc0000005) at pc=0x000000005df60da2, pid=5476, tid=6440
#
# JRE version: Java(TM) SE Runtime Environment (7.0_55-b13) (build 1.7.0_55-b13)
# Java VM: Java HotSpot(TM) 64-Bit Server VM (24.55-b03 mixed mode windows-amd64 compressed oops)
# Problematic frame:
# V  [jvm.dll+0x40da2]
#
# Failed to write core dump. Minidumps are not enabled by default on client versions of Windows
#
# If you would like to submit a bug report, please visit:
#   http://bugreport.sun.com/bugreport/crash.jsp
#

---------------  T H R E A D  ---------------

Current thread (0x0000000002063800):  GCTaskThread [stack: 0x0000000005e90000,0x0000000005f90000] [id=6440]

siginfo: ExceptionCode=0xc0000005, reading address 0x00000000000000a8

Registers:
RAX=0x0000000000000000, RBX=0x00000000c00f7168, RCX=0x000000000072007f, RDX=0x00000000c00f7168
RSP=0x0000000005f8f198, RBP=0x0000000008b461b0, RSI=0x00000000c62340b8, RDI=0x00000000c00f7168
R8 =0x0000000000000000, R9 =0x000000000072007f, R10=0x000000000000000c, R11=0x0000000000000000
R12=0x00000000c62340c0, R13=0x0000000000000002, R14=0x00000000c62340a8, R15=0x0000000000000002
RIP=0x000000005df60da2, EFLAGS=0x0000000000010246

Top of Stack: (sp=0x0000000005f8f198)
0x0000000005f8f198:   000000005dff1dbb 00000000c62340a8
0x0000000005f8f1a8:   000000005e2b8378 000000005e673b50
0x0000000005f8f1b8:   0000000000000003 00000000c00f7168
0x0000000005f8f1c8:   000000005e03459a 000000000000238e
0x0000000005f8f1d8:   000000005e00e179 00000000c62340a8
0x0000000005f8f1e8:   00000000c62340a0 0000000008b461b0
0x0000000005f8f1f8:   000000005e03482d 0000000000000000
0x0000000005f8f208:   0000000002063d50 000000000205e1d0
0x0000000005f8f218:   00000000c62340a8 000000000000238e
0x0000000005f8f228:   000000005e2b29cc 0000000008b461b0
0x0000000005f8f238:   0000000008b461b0 000000005e4de610
0x0000000005f8f248:   000000005e4de610 000000000b076fb0
0x0000000005f8f258:   0000000000000004 0000000008b461b0
0x0000000005f8f268:   000000005dff2062 00000000b6229948
0x0000000005f8f278:   000000005e673b50 000000000205e1d0
0x0000000005f8f288:   000000000205e1d0 0000000002063d60 

Instructions: (pc=0x000000005df60da2)
0x000000005df60d82:   e2 49 8d 0c 11 49 f7 d1 48 03 c1 49 c1 e9 03 48
0x000000005df60d92:   c1 e8 03 41 23 c1 c3 48 8b 02 48 8b d1 49 8b c9
0x000000005df60da2:   48 ff a0 a8 00 00 00 cc cc cc cc cc cc cc 80 3d
0x000000005df60db2:   81 9e 70 00 00 48 8b c1 74 1f 8b 51 08 8b 0d f3 


Register to memory mapping:

RAX=0x0000000000000000 is an unknown value
RBX=0x00000000c00f7168 is pointing into object: 0x00000000c00f7160
[C 
 - klass: {type array char}
 - length: 35
RCX=0x000000000072007f is an unknown value
RDX=0x00000000c00f7168 is pointing into object: 0x00000000c00f7160
[C 
 - klass: {type array char}
 - length: 35
RSP=0x0000000005f8f198 is an unknown value
RBP=0x0000000008b461b0 is an unknown value
RSI=0x00000000c62340b8 is pointing into object: 0x00000000c62340a8
[Ljava.lang.Object; 
 - klass: 'java/lang/Object'[]
 - length: 2
RDI=0x00000000c00f7168 is pointing into object: 0x00000000c00f7160
[C 
 - klass: {type array char}
 - length: 35
R8 =0x0000000000000000 is an unknown value
R9 =0x000000000072007f is an unknown value
R10=0x000000000000000c is an unknown value
R11=0x0000000000000000 is an unknown value
R12=0x00000000c62340c0 is an oop
org.codehaus.groovy.util.FastArray 
 - klass: 'org/codehaus/groovy/util/FastArray'
R13=0x0000000000000002 is an unknown value
R14=0x00000000c62340a8 is an oop
[Ljava.lang.Object; 
 - klass: 'java/lang/Object'[]
 - length: 2
R15=0x0000000000000002 is an unknown value


Stack: [0x0000000005e90000,0x0000000005f90000],  sp=0x0000000005f8f198,  free space=1020k
Native frames: (J=compiled Java code, j=interpreted, Vv=VM code, C=native code)
V  [jvm.dll+0x40da2]


---------------  P R O C E S S  ---------------

Java Threads: ( => current thread )
  0x000000000f8f2000 JavaThread "pool-13-thread-4" [_thread_blocked, id=7844, stack(0x000000000e770000,0x000000000e870000)]
  0x000000000f8f0800 JavaThread "pool-13-thread-3" [_thread_blocked, id=1964, stack(0x000000000d230000,0x000000000d330000)]
  0x000000000f8ea000 JavaThread "pool-13-thread-2" [_thread_blocked, id=8076, stack(0x000000000e620000,0x000000000e720000)]
  0x000000000f8ec000 JavaThread "pool-13-thread-1" [_thread_blocked, id=7212, stack(0x000000000d520000,0x000000000d620000)]
  0x000000000f8e9000 JavaThread "Stdin handler" [_thread_blocked, id=7664, stack(0x000000000d130000,0x000000000d230000)]
  0x000000000f8e5800 JavaThread "Daemon worker Thread 10" [_thread_blocked, id=5844, stack(0x000000000cf10000,0x000000000d010000)]
  0x000000000f8e7000 JavaThread "Cancel handler" [_thread_blocked, id=4192, stack(0x000000000ce10000,0x000000000cf10000)]
  0x000000000f8e6000 JavaThread "Handler for socket connection from /127.0.0.1:49679 to /127.0.0.1:50752" [_thread_in_native, id=5896, stack(0x000000000cbf0000,0x000000000ccf0000)]
  0x000000000f8e4800 JavaThread "Daemon Thread 10" [_thread_blocked, id=4212, stack(0x000000000cd00000,0x000000000ce00000)]
  0x000000000b261800 JavaThread "File lock request listener" [_thread_in_native, id=5888, stack(0x000000000d3e0000,0x000000000d4e0000)]
  0x000000000ae1f000 JavaThread "Incoming local TCP Connector on port 49679" [_thread_in_native, id=4912, stack(0x000000000ca60000,0x000000000cb60000)]
  0x0000000008c03000 JavaThread "Service Thread" daemon [_thread_blocked, id=1328, stack(0x000000000a690000,0x000000000a790000)]
  0x0000000008bf5000 JavaThread "C2 CompilerThread1" daemon [_thread_blocked, id=5012, stack(0x000000000a4f0000,0x000000000a5f0000)]
  0x0000000008bef000 JavaThread "C2 CompilerThread0" daemon [_thread_blocked, id=3128, stack(0x000000000a310000,0x000000000a410000)]
  0x0000000008bee000 JavaThread "Attach Listener" daemon [_thread_blocked, id=4336, stack(0x000000000a1e0000,0x000000000a2e0000)]
  0x0000000008be7000 JavaThread "Signal Dispatcher" daemon [_thread_blocked, id=6356, stack(0x0000000009b10000,0x0000000009c10000)]
  0x0000000008b97800 JavaThread "Finalizer" daemon [_thread_blocked, id=7068, stack(0x000000000a030000,0x000000000a130000)]
  0x0000000008b8e000 JavaThread "Reference Handler" daemon [_thread_blocked, id=5548, stack(0x0000000009ed0000,0x0000000009fd0000)]
  0x000000000217e800 JavaThread "main" [_thread_blocked, id=6772, stack(0x00000000023e0000,0x00000000024e0000)]

Other Threads:
  0x0000000008b8a800 VMThread [stack: 0x0000000009c10000,0x0000000009d10000] [id=4744]
  0x0000000008c0c000 WatcherThread [stack: 0x0000000009d50000,0x0000000009e50000] [id=3260]

=>0x0000000002063800 (exited) GCTaskThread [stack: 0x0000000005e90000,0x0000000005f90000] [id=6440]

VM state:at safepoint (normal execution)

VM Mutex/Monitor currently owned by a thread:  ([mutex/lock_event])
[0x000000000217c8b0] Threads_lock - owner thread: 0x0000000008b8a800
[0x000000000217cdb0] Heap_lock - owner thread: 0x000000000f8e5800

Heap
 PSYoungGen      total 280576K, used 236829K [0x00000000eaa80000, 0x00000000feb00000, 0x0000000100000000)
  eden space 237056K, 99% used [0x00000000eaa80000,0x00000000f91c7488,0x00000000f9200000)
  from space 43520K, 0% used [0x00000000fc080000,0x00000000fc080000,0x00000000feb00000)
  to   space 45568K, 0% used [0x00000000f9200000,0x00000000f9200000,0x00000000fbe80000)
 ParOldGen       total 139264K, used 131294K [0x00000000c0000000, 0x00000000c8800000, 0x00000000eaa80000)
  object space 139264K, 94% used [0x00000000c0000000,0x00000000c8037ab0,0x00000000c8800000)
 PSPermGen       total 149504K, used 130674K [0x00000000b0000000, 0x00000000b9200000, 0x00000000c0000000)
  object space 149504K, 87% used [0x00000000b0000000,0x00000000b7f9ca40,0x00000000b9200000)

Card table byte_map: [0x00000000054e0000,0x0000000005770000] byte_map_base: 0x0000000004f60000

Polling page: 0x0000000000240000

Code Cache  [0x00000000024e0000, 0x0000000002cb0000, 0x00000000054e0000)
 total_blobs=2532 nmethods=1902 adapters=581 free_code_cache=41308Kb largest_free_block=42187136

Compilation events (10 events):
Event: 3797.351 Thread 0x0000000008bf5000 2108   !         java.io.ObjectOutputStream::writeSerialData (221 bytes)
Event: 3797.379 Thread 0x0000000008bf5000 nmethod 2108 0x0000000002c91e90 code [0x0000000002c92040, 0x0000000002c92650]
Event: 3798.102 Thread 0x0000000008bef000 2109             com.sun.tools.javac.tree.JCTree$JCExpression::<init> (5 bytes)
Event: 3798.103 Thread 0x0000000008bef000 nmethod 2109 0x0000000002c8a210 code [0x0000000002c8a340, 0x0000000002c8a398]
Event: 3798.112 Thread 0x0000000008bef000 2110             com.sun.tools.javac.parser.Scanner::endPos (5 bytes)
Event: 3798.113 Thread 0x0000000008bef000 nmethod 2110 0x0000000002c8a010 code [0x0000000002c8a140, 0x0000000002c8a198]
Event: 3798.117 Thread 0x0000000008bf5000 2111             com.sun.tools.javac.parser.Scanner::name (5 bytes)
Event: 3798.118 Thread 0x0000000008bf5000 nmethod 2111 0x0000000002c89e10 code [0x0000000002c89f40, 0x0000000002c89f98]
Event: 3798.144 Thread 0x0000000008bef000 2112             com.sun.tools.javac.util.ListBuffer::toList (10 bytes)
Event: 3798.145 Thread 0x0000000008bef000 nmethod 2112 0x0000000002c89c10 code [0x0000000002c89d40, 0x0000000002c89d98]

GC Heap History (10 events):
Event: 2395.479 GC heap after
Heap after GC invocations=43 (full 9):
 PSYoungGen      total 271360K, used 39650K [0x00000000eaa80000, 0x00000000fed00000, 0x0000000100000000)
  eden space 230400K, 0% used [0x00000000eaa80000,0x00000000eaa80000,0x00000000f8b80000)
  from space 40960K, 96% used [0x00000000fb900000,0x00000000fdfb8b00,0x00000000fe100000)
  to   space 46592K, 0% used [0x00000000f8b80000,0x00000000f8b80000,0x00000000fb900000)
 ParOldGen       total 139264K, used 97966K [0x00000000c0000000, 0x00000000c8800000, 0x00000000eaa80000)
  object space 139264K, 70% used [0x00000000c0000000,0x00000000c5fabbb8,0x00000000c8800000)
 PSPermGen       total 131584K, used 116124K [0x00000000b0000000, 0x00000000b8080000, 0x00000000c0000000)
  object space 131584K, 88% used [0x00000000b0000000,0x00000000b7167148,0x00000000b8080000)
}
Event: 2396.191 GC heap before
{Heap before GC invocations=44 (full 9):
 PSYoungGen      total 271360K, used 55480K [0x00000000eaa80000, 0x00000000fed00000, 0x0000000100000000)
  eden space 230400K, 6% used [0x00000000eaa80000,0x00000000eb9f55c8,0x00000000f8b80000)
  from space 40960K, 96% used [0x00000000fb900000,0x00000000fdfb8b00,0x00000000fe100000)
  to   space 46592K, 0% used [0x00000000f8b80000,0x00000000f8b80000,0x00000000fb900000)
 ParOldGen       total 139264K, used 97966K [0x00000000c0000000, 0x00000000c8800000, 0x00000000eaa80000)
  object space 139264K, 70% used [0x00000000c0000000,0x00000000c5fabbb8,0x00000000c8800000)
 PSPermGen       total 131584K, used 116802K [0x00000000b0000000, 0x00000000b8080000, 0x00000000c0000000)
  object space 131584K, 88% used [0x00000000b0000000,0x00000000b7210b28,0x00000000b8080000)
Event: 2396.257 GC heap after
Heap after GC invocations=44 (full 9):
 PSYoungGen      total 276992K, used 30674K [0x00000000eaa80000, 0x00000000fef00000, 0x0000000100000000)
  eden space 230400K, 0% used [0x00000000eaa80000,0x00000000eaa80000,0x00000000f8b80000)
  from space 46592K, 65% used [0x00000000f8b80000,0x00000000fa974af8,0x00000000fb900000)
  to   space 47616K, 0% used [0x00000000fc080000,0x00000000fc080000,0x00000000fef00000)
 ParOldGen       total 139264K, used 97966K [0x00000000c0000000, 0x00000000c8800000, 0x00000000eaa80000)
  object space 139264K, 70% used [0x00000000c0000000,0x00000000c5fabbb8,0x00000000c8800000)
 PSPermGen       total 131584K, used 116802K [0x00000000b0000000, 0x00000000b8080000, 0x00000000c0000000)
  object space 131584K, 88% used [0x00000000b0000000,0x00000000b7210b28,0x00000000b8080000)
}
Event: 2396.257 GC heap before
{Heap before GC invocations=45 (full 10):
 PSYoungGen      total 276992K, used 30674K [0x00000000eaa80000, 0x00000000fef00000, 0x0000000100000000)
  eden space 230400K, 0% used [0x00000000eaa80000,0x00000000eaa80000,0x00000000f8b80000)
  from space 46592K, 65% used [0x00000000f8b80000,0x00000000fa974af8,0x00000000fb900000)
  to   space 47616K, 0% used [0x00000000fc080000,0x00000000fc080000,0x00000000fef00000)
 ParOldGen       total 139264K, used 97966K [0x00000000c0000000, 0x00000000c8800000, 0x00000000eaa80000)
  object space 139264K, 70% used [0x00000000c0000000,0x00000000c5fabbb8,0x00000000c8800000)
 PSPermGen       total 131584K, used 116802K [0x00000000b0000000, 0x00000000b8080000, 0x00000000c0000000)
  object space 131584K, 88% used [0x00000000b0000000,0x00000000b7210b28,0x00000000b8080000)
Event: 2398.121 GC heap after
Heap after GC invocations=45 (full 10):
 PSYoungGen      total 276992K, used 0K [0x00000000eaa80000, 0x00000000fef00000, 0x0000000100000000)
  eden space 230400K, 0% used [0x00000000eaa80000,0x00000000eaa80000,0x00000000f8b80000)
  from space 46592K, 0% used [0x00000000f8b80000,0x00000000f8b80000,0x00000000fb900000)
  to   space 47616K, 0% used [0x00000000fc080000,0x00000000fc080000,0x00000000fef00000)
 ParOldGen       total 139264K, used 114138K [0x00000000c0000000, 0x00000000c8800000, 0x00000000eaa80000)
  object space 139264K, 81% used [0x00000000c0000000,0x00000000c6f76b10,0x00000000c8800000)
 PSPermGen       total 144384K, used 116296K [0x00000000b0000000, 0x00000000b8d00000, 0x00000000c0000000)
  object space 144384K, 80% used [0x00000000b0000000,0x00000000b7192260,0x00000000b8d00000)
}
Event: 2572.148 GC heap before
{Heap before GC invocations=46 (full 10):
 PSYoungGen      total 276992K, used 198092K [0x00000000eaa80000, 0x00000000fef00000, 0x0000000100000000)
  eden space 230400K, 85% used [0x00000000eaa80000,0x00000000f6bf30a8,0x00000000f8b80000)
  from space 46592K, 0% used [0x00000000f8b80000,0x00000000f8b80000,0x00000000fb900000)
  to   space 47616K, 0% used [0x00000000fc080000,0x00000000fc080000,0x00000000fef00000)
 ParOldGen       total 139264K, used 114138K [0x00000000c0000000, 0x00000000c8800000, 0x00000000eaa80000)
  object space 139264K, 81% used [0x00000000c0000000,0x00000000c6f76b10,0x00000000c8800000)
 PSPermGen       total 144384K, used 122946K [0x00000000b0000000, 0x00000000b8d00000, 0x00000000c0000000)
  object space 144384K, 85% used [0x00000000b0000000,0x00000000b7810a70,0x00000000b8d00000)
Event: 2572.182 GC heap after
Heap after GC invocations=46 (full 10):
 PSYoungGen      total 280576K, used 19019K [0x00000000eaa80000, 0x00000000feb00000, 0x0000000100000000)
  eden space 237056K, 0% used [0x00000000eaa80000,0x00000000eaa80000,0x00000000f9200000)
  from space 43520K, 43% used [0x00000000fc080000,0x00000000fd312e40,0x00000000feb00000)
  to   space 45568K, 0% used [0x00000000f9200000,0x00000000f9200000,0x00000000fbe80000)
 ParOldGen       total 139264K, used 114138K [0x00000000c0000000, 0x00000000c8800000, 0x00000000eaa80000)
  object space 139264K, 81% used [0x00000000c0000000,0x00000000c6f76b10,0x00000000c8800000)
 PSPermGen       total 144384K, used 122946K [0x00000000b0000000, 0x00000000b8d00000, 0x00000000c0000000)
  object space 144384K, 85% used [0x00000000b0000000,0x00000000b7810a70,0x00000000b8d00000)
}
Event: 2572.182 GC heap before
{Heap before GC invocations=47 (full 11):
 PSYoungGen      total 280576K, used 19019K [0x00000000eaa80000, 0x00000000feb00000, 0x0000000100000000)
  eden space 237056K, 0% used [0x00000000eaa80000,0x00000000eaa80000,0x00000000f9200000)
  from space 43520K, 43% used [0x00000000fc080000,0x00000000fd312e40,0x00000000feb00000)
  to   space 45568K, 0% used [0x00000000f9200000,0x00000000f9200000,0x00000000fbe80000)
 ParOldGen       total 139264K, used 114138K [0x00000000c0000000, 0x00000000c8800000, 0x00000000eaa80000)
  object space 139264K, 81% used [0x00000000c0000000,0x00000000c6f76b10,0x00000000c8800000)
 PSPermGen       total 144384K, used 122946K [0x00000000b0000000, 0x00000000b8d00000, 0x00000000c0000000)
  object space 144384K, 85% used [0x00000000b0000000,0x00000000b7810a70,0x00000000b8d00000)
Event: 2573.176 GC heap after
Heap after GC invocations=47 (full 11):
 PSYoungGen      total 280576K, used 0K [0x00000000eaa80000, 0x00000000feb00000, 0x0000000100000000)
  eden space 237056K, 0% used [0x00000000eaa80000,0x00000000eaa80000,0x00000000f9200000)
  from space 43520K, 0% used [0x00000000fc080000,0x00000000fc080000,0x00000000feb00000)
  to   space 45568K, 0% used [0x00000000f9200000,0x00000000f9200000,0x00000000fbe80000)
 ParOldGen       total 139264K, used 131294K [0x00000000c0000000, 0x00000000c8800000, 0x00000000eaa80000)
  object space 139264K, 94% used [0x00000000c0000000,0x00000000c8037ab0,0x00000000c8800000)
 PSPermGen       total 149504K, used 122907K [0x00000000b0000000, 0x00000000b9200000, 0x00000000c0000000)
  object space 149504K, 82% used [0x00000000b0000000,0x00000000b7806fc0,0x00000000b9200000)
}
Event: 3798.460 GC heap before
{Heap before GC invocations=48 (full 12):
 PSYoungGen      total 280576K, used 236829K [0x00000000eaa80000, 0x00000000feb00000, 0x0000000100000000)
  eden space 237056K, 99% used [0x00000000eaa80000,0x00000000f91c7488,0x00000000f9200000)
  from space 43520K, 0% used [0x00000000fc080000,0x00000000fc080000,0x00000000feb00000)
  to   space 45568K, 0% used [0x00000000f9200000,0x00000000f9200000,0x00000000fbe80000)
 ParOldGen       total 139264K, used 131294K [0x00000000c0000000, 0x00000000c8800000, 0x00000000eaa80000)
  object space 139264K, 94% used [0x00000000c0000000,0x00000000c8037ab0,0x00000000c8800000)
 PSPermGen       total 149504K, used 130674K [0x00000000b0000000, 0x00000000b9200000, 0x00000000c0000000)
  object space 149504K, 87% used [0x00000000b0000000,0x00000000b7f9ca40,0x00000000b9200000)

Deoptimization events (10 events):
Event: 2134.915 Thread 0x000000000f8e5800 Uncommon trap: reason=class_check action=maybe_recompile pc=0x00000000026dca34 method=java.util.AbstractList$Itr.next()Ljava/lang/Object; @ 14
Event: 2135.225 Thread 0x000000000f8f0800 Uncommon trap: reason=bimorphic action=maybe_recompile pc=0x00000000029f2760 method=java.util.HashMap.putForCreate(Ljava/lang/Object;Ljava/lang/Object;)V @ 97
Event: 2135.256 Thread 0x000000000f8f0800 Uncommon trap: reason=class_check action=maybe_recompile pc=0x00000000027dbb58 method=java.util.TimSort.mergeLo(IIII)V @ 77
Event: 2377.931 Thread 0x000000000f8e7000 Uncommon trap: reason=null_check action=make_not_entrant pc=0x0000000002c0a500 method=groovy.lang.MetaClassImpl.distanceToObject(Ljava/lang/Class;)I @ 7
Event: 2377.931 Thread 0x000000000f8e7000 Uncommon trap: reason=null_check action=make_not_entrant pc=0x0000000002bb55c0 method=groovy.lang.MetaClassImpl.distanceToObject(Ljava/lang/Class;)I @ 7
Event: 2395.671 Thread 0x000000000f8e7000 Uncommon trap: reason=class_check action=maybe_recompile pc=0x0000000002760184 method=java.util.AbstractList$Itr.hasNext()Z @ 8
Event: 2395.671 Thread 0x000000000f8e7000 Uncommon trap: reason=class_check action=maybe_recompile pc=0x00000000026dca34 method=java.util.AbstractList$Itr.next()Ljava/lang/Object; @ 14
Event: 2395.903 Thread 0x000000000f8ea000 Uncommon trap: reason=bimorphic action=maybe_recompile pc=0x00000000029f2760 method=java.util.HashMap.putForCreate(Ljava/lang/Object;Ljava/lang/Object;)V @ 97
Event: 2395.904 Thread 0x000000000f8ea000 Uncommon trap: reason=class_check action=maybe_recompile pc=0x00000000027dbb58 method=java.util.TimSort.mergeLo(IIII)V @ 77
Event: 3787.067 Thread 0x000000000f8e5800 Uncommon trap: reason=null_check action=make_not_entrant pc=0x0000000002c89680 method=com.android.ide.common.res2.NodeUtils.processSingleNodeNamespace(Lorg/w3c/dom/Node;Lorg/w3c/dom/Document;)Z @ 8

Internal exceptions (10 events):
Event: 3788.688 Thread 0x000000000f8e5800 Threw 0x00000000f7e8d468 at C:\re\jdk7u55\869\hotspot\src\share\vm\classfile\systemDictionary.cpp:185
Event: 3789.656 Thread 0x000000000f8e5800 Threw 0x00000000f8078048 at C:\re\jdk7u55\869\hotspot\src\share\vm\prims\jvm.cpp:1244
Event: 3789.656 Thread 0x000000000f8e5800 Threw 0x00000000f8078d10 at C:\re\jdk7u55\869\hotspot\src\share\vm\prims\jvm.cpp:1244
Event: 3789.656 Thread 0x000000000f8e5800 Threw 0x00000000f80808d0 at C:\re\jdk7u55\869\hotspot\src\share\vm\prims\jvm.cpp:1244
Event: 3789.658 Thread 0x000000000f8e5800 Threw 0x00000000f808a5a0 at C:\re\jdk7u55\869\hotspot\src\share\vm\prims\jvm.cpp:1244
Event: 3789.658 Thread 0x000000000f8e5800 Threw 0x00000000f808e968 at C:\re\jdk7u55\869\hotspot\src\share\vm\prims\jvm.cpp:1244
Event: 3789.658 Thread 0x000000000f8e5800 Threw 0x00000000f808ed30 at C:\re\jdk7u55\869\hotspot\src\share\vm\classfile\systemDictionary.cpp:185
Event: 3789.659 Thread 0x000000000f8e5800 Threw 0x00000000f8093650 at C:\re\jdk7u55\869\hotspot\src\share\vm\prims\jvm.cpp:1244
Event: 3789.659 Thread 0x000000000f8e5800 Threw 0x00000000f8097d20 at C:\re\jdk7u55\869\hotspot\src\share\vm\prims\jvm.cpp:1244
Event: 3789.659 Thread 0x000000000f8e5800 Threw 0x00000000f80980e8 at C:\re\jdk7u55\869\hotspot\src\share\vm\classfile\systemDictionary.cpp:185

Events (10 events):
Event: 3789.658 loading class 0x000000000f8923c0 done
Event: 3789.659 loading class 0x000000000f893ae0
Event: 3789.659 loading class 0x000000000f893ae0 done
Event: 3791.275 Thread 0x000000000f8ef000 Thread added: 0x000000000f8ef000
Event: 3791.275 Thread 0x000000000f8eb800 Thread added: 0x000000000f8eb800
Event: 3796.978 Executing VM operation: RevokeBias
Event: 3796.980 Executing VM operation: RevokeBias done
Event: 3796.980 Thread 0x000000000f8eb800 Thread exited: 0x000000000f8eb800
Event: 3796.981 Thread 0x000000000f8ef000 Thread exited: 0x000000000f8ef000
Event: 3798.459 Executing VM operation: ParallelGCFailedAllocation


Dynamic libraries:
0x000000013fc20000 - 0x000000013fc53000 	C:\Program Files\Java\jdk1.7.0_55\bin\java.exe
0x0000000077860000 - 0x0000000077a09000 	C:\windows\SYSTEM32\ntdll.dll
0x0000000077740000 - 0x000000007785f000 	C:\windows\system32\kernel32.dll
0x000007fefd9c0000 - 0x000007fefda2c000 	C:\windows\system32\KERNELBASE.dll
0x000007feff460000 - 0x000007feff53b000 	C:\windows\system32\ADVAPI32.dll
0x000007fefe040000 - 0x000007fefe0df000 	C:\windows\system32\msvcrt.dll
0x000007feffb50000 - 0x000007feffb6f000 	C:\windows\SYSTEM32\sechost.dll
0x000007feff710000 - 0x000007feff83d000 	C:\windows\system32\RPCRT4.dll
0x0000000077640000 - 0x000000007773a000 	C:\windows\system32\USER32.dll
0x000007feff3f0000 - 0x000007feff457000 	C:\windows\system32\GDI32.dll
0x000007fefe3f0000 - 0x000007fefe3fe000 	C:\windows\system32\LPK.dll
0x000007feff8c0000 - 0x000007feff989000 	C:\windows\system32\USP10.dll
0x000007fefbee0000 - 0x000007fefc0d4000 	C:\windows\WinSxS\amd64_microsoft.windows.common-controls_6595b64144ccf1df_6.0.7601.17514_none_fa396087175ac9ac\COMCTL32.dll
0x000007feff990000 - 0x000007feffa01000 	C:\windows\system32\SHLWAPI.dll
0x000007feffb20000 - 0x000007feffb4e000 	C:\windows\system32\IMM32.DLL
0x000007feff540000 - 0x000007feff649000 	C:\windows\system32\MSCTF.dll
0x000000005d770000 - 0x000000005d842000 	C:\Program Files\Java\jdk1.7.0_55\jre\bin\msvcr100.dll
0x000000005df20000 - 0x000000005e6e9000 	C:\Program Files\Java\jdk1.7.0_55\jre\bin\server\jvm.dll
0x000007fefa780000 - 0x000007fefa789000 	C:\windows\system32\WSOCK32.dll
0x000007feff190000 - 0x000007feff1dd000 	C:\windows\system32\WS2_32.dll
0x000007feffa70000 - 0x000007feffa78000 	C:\windows\system32\NSI.dll
0x000007fefafc0000 - 0x000007fefaffb000 	C:\windows\system32\WINMM.dll
0x0000000077a30000 - 0x0000000077a37000 	C:\windows\system32\PSAPI.DLL
0x0000000072020000 - 0x000000007202f000 	C:\Program Files\Java\jdk1.7.0_55\jre\bin\verify.dll
0x000000006ad20000 - 0x000000006ad48000 	C:\Program Files\Java\jdk1.7.0_55\jre\bin\java.dll
0x000000006c730000 - 0x000000006c745000 	C:\Program Files\Java\jdk1.7.0_55\jre\bin\zip.dll
0x000000006cc00000 - 0x000000006cc19000 	C:\Program Files\Java\jdk1.7.0_55\jre\bin\net.dll
0x000007fefce30000 - 0x000007fefce85000 	C:\windows\system32\mswsock.dll
0x000007fefce20000 - 0x000007fefce27000 	C:\windows\System32\wship6.dll
0x000000006c420000 - 0x000000006c431000 	C:\Program Files\Java\jdk1.7.0_55\jre\bin\nio.dll
0x000007fefce90000 - 0x000007fefcea7000 	C:\windows\system32\CRYPTSP.dll
0x000007fefcb90000 - 0x000007fefcbd7000 	C:\windows\system32\rsaenh.dll
0x000007fefd8f0000 - 0x000007fefd90e000 	C:\windows\system32\USERENV.dll
0x000007fefd6a0000 - 0x000007fefd6af000 	C:\windows\system32\profapi.dll
0x000007fefd4f0000 - 0x000007fefd4ff000 	C:\windows\system32\CRYPTBASE.dll
0x000007fefa7c0000 - 0x000007fefa7e7000 	C:\windows\system32\IPHLPAPI.DLL
0x000007fefa7b0000 - 0x000007fefa7bb000 	C:\windows\system32\WINNSI.DLL
0x000007fefa5a0000 - 0x000007fefa5b8000 	C:\windows\system32\dhcpcsvc.DLL
0x000007fefa570000 - 0x000007fefa581000 	C:\windows\system32\dhcpcsvc6.DLL
0x000007fef0c30000 - 0x000007fef0c42000 	C:\Users\student\AppData\Local\Temp\native-platform419471530247944135dir\native-platform.dll
0x000007fefd490000 - 0x000007fefd4e7000 	C:\windows\system32\apphelp.dll
0x000007fef0550000 - 0x000007fef0675000 	C:\windows\system32\dbghelp.dll

VM Arguments:
jvm_args: -XX:MaxPermSize=256m -XX:+HeapDumpOnOutOfMemoryError -Xmx1024m -Dfile.encoding=windows-1250 -Duser.country=SK -Duser.language=sk -Duser.variant 
java_command: org.gradle.launcher.daemon.bootstrap.GradleDaemon 2.2.1 C:\Users\student\.gradle\daemon 10800000 7a1fe84b-3b94-4bfe-8080-ddc5f75d7097 -XX:MaxPermSize=256m -XX:+HeapDumpOnOutOfMemoryError -Xmx1024m -Dfile.encoding=windows-1250 -Duser.country=SK -Duser.language=sk -Duser.variant
Launcher Type: SUN_STANDARD

Environment Variables:
PATH=C:\ProgramData\Oracle\Java\javapath;C:\Program Files (x86)\Common Files\Intel\Shared Libraries\redist\intel64\compiler;C:\Program Files (x86)\Common Files\Intel\Shared Libraries\redist\ia32\compiler;C:\Program Files (x86)\NVIDIA Corporation\PhysX\Common;C:\Program Files\Common Files\Microsoft Shared\Windows Live;C:\Program Files (x86)\Common Files\Microsoft Shared\Windows Live;C:\windows\system32;C:\windows;C:\windows\System32\Wbem;C:\windows\System32\WindowsPowerShell\v1.0\;C:\Program Files (x86)\Windows Live\Shared;C:\Program Files (x86)\Intel\Services\IPT\;c:\Program Files (x86)\Microsoft SQL Server\100\Tools\Binn\;c:\Program Files\Microsoft SQL Server\100\Tools\Binn\;c:\Program Files\Microsoft SQL Server\100\DTS\Binn\;c:\Program Files (x86)\Microsoft SQL Server\100\Tools\Binn\VSShell\Common7\IDE\;c:\Program Files (x86)\Microsoft SQL Server\100\DTS\Binn\;C:\programs\MiKTeX\miktex\bin\x64\;C:\programs\Asymptote;C:\Program Files\Microsoft SQL Server\110\Tools\Binn\;C:\Program Files (x86)\Windows Kits\8.1\Windows Performance Toolkit\;C:\Program Files (x86)\Microsoft SDKs\TypeScript\1.0\;C:\Program Files\Microsoft SQL Server\120\Tools\Binn\;
USERNAME=student
OS=Windows_NT
PROCESSOR_IDENTIFIER=Intel64 Family 6 Model 42 Stepping 7, GenuineIntel



---------------  S Y S T E M  ---------------

OS: Windows 7 , 64 bit Build 7601 Service Pack 1

CPU:total 4 (2 cores per cpu, 2 threads per core) family 6 model 42 stepping 7, cmov, cx8, fxsr, mmx, sse, sse2, sse3, ssse3, sse4.1, sse4.2, popcnt, avx, ht, tsc, tscinvbit

Memory: 4k page, physical 4127096k(316240k free), swap 8252328k(2505212k free)

vm_info: Java HotSpot(TM) 64-Bit Server VM (24.55-b03) for windows-amd64 JRE (1.7.0_55-b13), built on Mar 17 2014 19:45:30 by "java_re" with unknown MS VC++:1600

time: Wed May 27 11:39:20 2015
elapsed time: 3799 seconds

